{
  "numFailedTestSuites": 0,
  "numFailedTests": 0,
  "numPassedTestSuites": 1,
  "numPassedTests": 3,
  "numPendingTestSuites": 0,
  "numPendingTests": 0,
  "numRuntimeErrorTestSuites": 0,
  "numTodoTests": 0,
  "numTotalTestSuites": 1,
  "numTotalTests": 3,
  "openHandles": [],
  "snapshot": {
    "added": 0,
    "didUpdate": false,
    "failure": false,
    "filesAdded": 0,
    "filesRemoved": 0,
    "filesRemovedList": [],
    "filesUnmatched": 0,
    "filesUpdated": 0,
    "matched": 0,
    "total": 0,
    "unchecked": 0,
    "uncheckedKeysByFile": [],
    "unmatched": 0,
    "updated": 0
  },
  "startTime": 1636140126745,
  "success": false,
  "testResults": [
    {
      "leaks": false,
      "numFailingTests": 0,
      "numPassingTests": 3,
      "numPendingTests": 0,
      "numTodoTests": 0,
      "openHandles": [],
      "perfStats": {
        "end": 1636140128230,
        "runtime": 1401,
        "slow": false,
        "start": 1636140126829
      },
      "skipped": false,
      "snapshot": {
        "added": 0,
        "fileDeleted": false,
        "matched": 0,
        "unchecked": 0,
        "uncheckedKeys": [],
        "unmatched": 0,
        "updated": 0
      },
      "testFilePath": "/home/giovanaa/ci&t/conteudos/ecommerceAPI/master/src/tests/sample.test.js",
      "testResults": [
        {
          "ancestorTitles": [
            "GET /products"
          ],
          "duration": 353,
          "failureDetails": [],
          "failureMessages": [],
          "fullName": "GET /products return a json with message and status 200",
          "invocations": 1,
          "location": null,
          "numPassingAsserts": 0,
          "status": "passed",
          "title": "return a json with message and status 200"
        },
        {
          "ancestorTitles": [
            "POST /products"
          ],
          "duration": 65,
          "failureDetails": [],
          "failureMessages": [],
          "fullName": "POST /products responds with json",
          "invocations": 1,
          "location": null,
          "numPassingAsserts": 0,
          "status": "passed",
          "title": "responds with json"
        },
        {
          "ancestorTitles": [],
          "duration": 37,
          "failureDetails": [],
          "failureMessages": [],
          "fullName": "should update a products",
          "invocations": 1,
          "location": null,
          "numPassingAsserts": 0,
          "status": "passed",
          "title": "should update a products"
        }
      ],
      "failureMessage": null
    }
  ],
  "wasInterrupted": false,
  "coverageMap": {
    "/home/giovanaa/ci&t/conteudos/ecommerceAPI/master/src/app.js": {
      "path": "/home/giovanaa/ci&t/conteudos/ecommerceAPI/master/src/app.js",
      "statementMap": {
        "0": {
          "start": {
            "line": 1,
            "column": 16
          },
          "end": {
            "line": 1,
            "column": 34
          }
        },
        "1": {
          "start": {
            "line": 2,
            "column": 13
          },
          "end": {
            "line": 2,
            "column": 28
          }
        },
        "2": {
          "start": {
            "line": 3,
            "column": 12
          },
          "end": {
            "line": 3,
            "column": 21
          }
        },
        "3": {
          "start": {
            "line": 4,
            "column": 15
          },
          "end": {
            "line": 4,
            "column": 41
          }
        },
        "4": {
          "start": {
            "line": 6,
            "column": 0
          },
          "end": {
            "line": 6,
            "column": 16
          }
        },
        "5": {
          "start": {
            "line": 7,
            "column": 0
          },
          "end": {
            "line": 7,
            "column": 23
          }
        },
        "6": {
          "start": {
            "line": 10,
            "column": 0
          },
          "end": {
            "line": 10,
            "column": 11
          }
        },
        "7": {
          "start": {
            "line": 12,
            "column": 0
          },
          "end": {
            "line": 12,
            "column": 21
          }
        }
      },
      "fnMap": {},
      "branchMap": {},
      "s": {
        "0": 1,
        "1": 1,
        "2": 1,
        "3": 1,
        "4": 1,
        "5": 1,
        "6": 1,
        "7": 1
      },
      "f": {},
      "b": {},
      "_coverageSchema": "1a1c01bbd47fc00a2c39e90264f33305004495a9",
      "hash": "b7a212a8ab0287908240da0dd031ab8c4837ed9e"
    },
    "/home/giovanaa/ci&t/conteudos/ecommerceAPI/master/src/routes/router.js": {
      "path": "/home/giovanaa/ci&t/conteudos/ecommerceAPI/master/src/routes/router.js",
      "statementMap": {
        "0": {
          "start": {
            "line": 1,
            "column": 16
          },
          "end": {
            "line": 1,
            "column": 34
          }
        },
        "1": {
          "start": {
            "line": 2,
            "column": 17
          },
          "end": {
            "line": 2,
            "column": 43
          }
        },
        "2": {
          "start": {
            "line": 3,
            "column": 12
          },
          "end": {
            "line": 3,
            "column": 21
          }
        },
        "3": {
          "start": {
            "line": 5,
            "column": 0
          },
          "end": {
            "line": 7,
            "column": 2
          }
        },
        "4": {
          "start": {
            "line": 6,
            "column": 2
          },
          "end": {
            "line": 6,
            "column": 36
          }
        }
      },
      "fnMap": {
        "0": {
          "name": "(anonymous_0)",
          "decl": {
            "start": {
              "line": 5,
              "column": 17
            },
            "end": {
              "line": 5,
              "column": 18
            }
          },
          "loc": {
            "start": {
              "line": 5,
              "column": 26
            },
            "end": {
              "line": 7,
              "column": 1
            }
          },
          "line": 5
        }
      },
      "branchMap": {},
      "s": {
        "0": 1,
        "1": 1,
        "2": 1,
        "3": 1,
        "4": 1
      },
      "f": {
        "0": 1
      },
      "b": {},
      "_coverageSchema": "1a1c01bbd47fc00a2c39e90264f33305004495a9",
      "hash": "efe4b42d90ca9f8c6ad41779d6c573c69d60f53e"
    },
    "/home/giovanaa/ci&t/conteudos/ecommerceAPI/master/src/routes/ProductsRoute.js": {
      "path": "/home/giovanaa/ci&t/conteudos/ecommerceAPI/master/src/routes/ProductsRoute.js",
      "statementMap": {
        "0": {
          "start": {
            "line": 1,
            "column": 19
          },
          "end": {
            "line": 1,
            "column": 37
          }
        },
        "1": {
          "start": {
            "line": 2,
            "column": 27
          },
          "end": {
            "line": 2,
            "column": 71
          }
        },
        "2": {
          "start": {
            "line": 3,
            "column": 15
          },
          "end": {
            "line": 3,
            "column": 23
          }
        },
        "3": {
          "start": {
            "line": 5,
            "column": 0
          },
          "end": {
            "line": 5,
            "column": 56
          }
        },
        "4": {
          "start": {
            "line": 6,
            "column": 0
          },
          "end": {
            "line": 6,
            "column": 62
          }
        },
        "5": {
          "start": {
            "line": 7,
            "column": 0
          },
          "end": {
            "line": 7,
            "column": 57
          }
        },
        "6": {
          "start": {
            "line": 8,
            "column": 0
          },
          "end": {
            "line": 8,
            "column": 67
          }
        },
        "7": {
          "start": {
            "line": 9,
            "column": 0
          },
          "end": {
            "line": 9,
            "column": 69
          }
        },
        "8": {
          "start": {
            "line": 10,
            "column": 0
          },
          "end": {
            "line": 10,
            "column": 66
          }
        },
        "9": {
          "start": {
            "line": 12,
            "column": 0
          },
          "end": {
            "line": 12,
            "column": 24
          }
        }
      },
      "fnMap": {},
      "branchMap": {},
      "s": {
        "0": 1,
        "1": 1,
        "2": 1,
        "3": 1,
        "4": 1,
        "5": 1,
        "6": 1,
        "7": 1,
        "8": 1,
        "9": 1
      },
      "f": {},
      "b": {},
      "_coverageSchema": "1a1c01bbd47fc00a2c39e90264f33305004495a9",
      "hash": "35d8a4882038455772cf7ae36171850e534c6446"
    },
    "/home/giovanaa/ci&t/conteudos/ecommerceAPI/master/src/controllers/ProductsController.js": {
      "path": "/home/giovanaa/ci&t/conteudos/ecommerceAPI/master/src/controllers/ProductsController.js",
      "statementMap": {
        "0": {
          "start": {
            "line": 1,
            "column": 17
          },
          "end": {
            "line": 1,
            "column": 37
          }
        },
        "1": {
          "start": {
            "line": 5,
            "column": 4
          },
          "end": {
            "line": 10,
            "column": 5
          }
        },
        "2": {
          "start": {
            "line": 6,
            "column": 26
          },
          "end": {
            "line": 6,
            "column": 59
          }
        },
        "3": {
          "start": {
            "line": 7,
            "column": 6
          },
          "end": {
            "line": 7,
            "column": 47
          }
        },
        "4": {
          "start": {
            "line": 9,
            "column": 6
          },
          "end": {
            "line": 9,
            "column": 52
          }
        },
        "5": {
          "start": {
            "line": 14,
            "column": 19
          },
          "end": {
            "line": 14,
            "column": 29
          }
        },
        "6": {
          "start": {
            "line": 15,
            "column": 4
          },
          "end": {
            "line": 22,
            "column": 5
          }
        },
        "7": {
          "start": {
            "line": 16,
            "column": 25
          },
          "end": {
            "line": 18,
            "column": 8
          }
        },
        "8": {
          "start": {
            "line": 19,
            "column": 6
          },
          "end": {
            "line": 19,
            "column": 46
          }
        },
        "9": {
          "start": {
            "line": 21,
            "column": 6
          },
          "end": {
            "line": 21,
            "column": 69
          }
        },
        "10": {
          "start": {
            "line": 21,
            "column": 15
          },
          "end": {
            "line": 21,
            "column": 69
          }
        },
        "11": {
          "start": {
            "line": 26,
            "column": 23
          },
          "end": {
            "line": 26,
            "column": 31
          }
        },
        "12": {
          "start": {
            "line": 27,
            "column": 4
          },
          "end": {
            "line": 32,
            "column": 5
          }
        },
        "13": {
          "start": {
            "line": 28,
            "column": 26
          },
          "end": {
            "line": 28,
            "column": 68
          }
        },
        "14": {
          "start": {
            "line": 29,
            "column": 6
          },
          "end": {
            "line": 29,
            "column": 47
          }
        },
        "15": {
          "start": {
            "line": 31,
            "column": 6
          },
          "end": {
            "line": 31,
            "column": 47
          }
        },
        "16": {
          "start": {
            "line": 36,
            "column": 19
          },
          "end": {
            "line": 36,
            "column": 29
          }
        },
        "17": {
          "start": {
            "line": 37,
            "column": 26
          },
          "end": {
            "line": 37,
            "column": 34
          }
        },
        "18": {
          "start": {
            "line": 38,
            "column": 4
          },
          "end": {
            "line": 48,
            "column": 5
          }
        },
        "19": {
          "start": {
            "line": 39,
            "column": 6
          },
          "end": {
            "line": 41,
            "column": 9
          }
        },
        "20": {
          "start": {
            "line": 42,
            "column": 29
          },
          "end": {
            "line": 44,
            "column": 8
          }
        },
        "21": {
          "start": {
            "line": 45,
            "column": 6
          },
          "end": {
            "line": 45,
            "column": 50
          }
        },
        "22": {
          "start": {
            "line": 47,
            "column": 6
          },
          "end": {
            "line": 47,
            "column": 47
          }
        },
        "23": {
          "start": {
            "line": 52,
            "column": 19
          },
          "end": {
            "line": 52,
            "column": 29
          }
        },
        "24": {
          "start": {
            "line": 53,
            "column": 4
          },
          "end": {
            "line": 63,
            "column": 5
          }
        },
        "25": {
          "start": {
            "line": 54,
            "column": 21
          },
          "end": {
            "line": 56,
            "column": 8
          }
        },
        "26": {
          "start": {
            "line": 57,
            "column": 6
          },
          "end": {
            "line": 57,
            "column": 79
          }
        },
        "27": {
          "start": {
            "line": 57,
            "column": 24
          },
          "end": {
            "line": 57,
            "column": 79
          }
        },
        "28": {
          "start": {
            "line": 58,
            "column": 6
          },
          "end": {
            "line": 60,
            "column": 69
          }
        },
        "29": {
          "start": {
            "line": 62,
            "column": 6
          },
          "end": {
            "line": 62,
            "column": 60
          }
        },
        "30": {
          "start": {
            "line": 67,
            "column": 0
          },
          "end": {
            "line": 67,
            "column": 36
          }
        }
      },
      "fnMap": {
        "0": {
          "name": "(anonymous_0)",
          "decl": {
            "start": {
              "line": 4,
              "column": 2
            },
            "end": {
              "line": 4,
              "column": 3
            }
          },
          "loc": {
            "start": {
              "line": 4,
              "column": 37
            },
            "end": {
              "line": 11,
              "column": 3
            }
          },
          "line": 4
        },
        "1": {
          "name": "(anonymous_1)",
          "decl": {
            "start": {
              "line": 13,
              "column": 2
            },
            "end": {
              "line": 13,
              "column": 3
            }
          },
          "loc": {
            "start": {
              "line": 13,
              "column": 39
            },
            "end": {
              "line": 23,
              "column": 3
            }
          },
          "line": 13
        },
        "2": {
          "name": "(anonymous_2)",
          "decl": {
            "start": {
              "line": 25,
              "column": 2
            },
            "end": {
              "line": 25,
              "column": 3
            }
          },
          "loc": {
            "start": {
              "line": 25,
              "column": 37
            },
            "end": {
              "line": 33,
              "column": 3
            }
          },
          "line": 25
        },
        "3": {
          "name": "(anonymous_3)",
          "decl": {
            "start": {
              "line": 35,
              "column": 2
            },
            "end": {
              "line": 35,
              "column": 3
            }
          },
          "loc": {
            "start": {
              "line": 35,
              "column": 44
            },
            "end": {
              "line": 49,
              "column": 3
            }
          },
          "line": 35
        },
        "4": {
          "name": "(anonymous_4)",
          "decl": {
            "start": {
              "line": 51,
              "column": 2
            },
            "end": {
              "line": 51,
              "column": 3
            }
          },
          "loc": {
            "start": {
              "line": 51,
              "column": 40
            },
            "end": {
              "line": 64,
              "column": 3
            }
          },
          "line": 51
        }
      },
      "branchMap": {
        "0": {
          "loc": {
            "start": {
              "line": 21,
              "column": 6
            },
            "end": {
              "line": 21,
              "column": 69
            }
          },
          "type": "if",
          "locations": [
            {
              "start": {
                "line": 21,
                "column": 6
              },
              "end": {
                "line": 21,
                "column": 69
              }
            },
            {
              "start": {},
              "end": {}
            }
          ],
          "line": 21
        },
        "1": {
          "loc": {
            "start": {
              "line": 57,
              "column": 6
            },
            "end": {
              "line": 57,
              "column": 79
            }
          },
          "type": "if",
          "locations": [
            {
              "start": {
                "line": 57,
                "column": 6
              },
              "end": {
                "line": 57,
                "column": 79
              }
            },
            {
              "start": {},
              "end": {}
            }
          ],
          "line": 57
        }
      },
      "s": {
        "0": 1,
        "1": 1,
        "2": 1,
        "3": 1,
        "4": 0,
        "5": 0,
        "6": 0,
        "7": 0,
        "8": 0,
        "9": 0,
        "10": 0,
        "11": 1,
        "12": 1,
        "13": 1,
        "14": 1,
        "15": 0,
        "16": 0,
        "17": 0,
        "18": 0,
        "19": 0,
        "20": 0,
        "21": 0,
        "22": 0,
        "23": 0,
        "24": 0,
        "25": 0,
        "26": 0,
        "27": 0,
        "28": 0,
        "29": 0,
        "30": 1
      },
      "f": {
        "0": 1,
        "1": 0,
        "2": 1,
        "3": 0,
        "4": 0
      },
      "b": {
        "0": [
          0,
          0
        ],
        "1": [
          0,
          0
        ]
      },
      "_coverageSchema": "1a1c01bbd47fc00a2c39e90264f33305004495a9",
      "hash": "18a73261438a79284ab9ddda302ef9a63a133799"
    },
    "/home/giovanaa/ci&t/conteudos/ecommerceAPI/master/src/models/index.js": {
      "path": "/home/giovanaa/ci&t/conteudos/ecommerceAPI/master/src/models/index.js",
      "statementMap": {
        "0": {
          "start": {
            "line": 3,
            "column": 11
          },
          "end": {
            "line": 3,
            "column": 24
          }
        },
        "1": {
          "start": {
            "line": 4,
            "column": 13
          },
          "end": {
            "line": 4,
            "column": 28
          }
        },
        "2": {
          "start": {
            "line": 5,
            "column": 18
          },
          "end": {
            "line": 5,
            "column": 38
          }
        },
        "3": {
          "start": {
            "line": 6,
            "column": 17
          },
          "end": {
            "line": 6,
            "column": 42
          }
        },
        "4": {
          "start": {
            "line": 7,
            "column": 12
          },
          "end": {
            "line": 7,
            "column": 49
          }
        },
        "5": {
          "start": {
            "line": 8,
            "column": 15
          },
          "end": {
            "line": 8,
            "column": 65
          }
        },
        "6": {
          "start": {
            "line": 9,
            "column": 11
          },
          "end": {
            "line": 9,
            "column": 13
          }
        },
        "7": {
          "start": {
            "line": 12,
            "column": 0
          },
          "end": {
            "line": 16,
            "column": 1
          }
        },
        "8": {
          "start": {
            "line": 13,
            "column": 2
          },
          "end": {
            "line": 13,
            "column": 74
          }
        },
        "9": {
          "start": {
            "line": 15,
            "column": 2
          },
          "end": {
            "line": 15,
            "column": 87
          }
        },
        "10": {
          "start": {
            "line": 18,
            "column": 0
          },
          "end": {
            "line": 26,
            "column": 5
          }
        },
        "11": {
          "start": {
            "line": 21,
            "column": 4
          },
          "end": {
            "line": 21,
            "column": 90
          }
        },
        "12": {
          "start": {
            "line": 24,
            "column": 18
          },
          "end": {
            "line": 24,
            "column": 85
          }
        },
        "13": {
          "start": {
            "line": 25,
            "column": 4
          },
          "end": {
            "line": 25,
            "column": 27
          }
        },
        "14": {
          "start": {
            "line": 28,
            "column": 0
          },
          "end": {
            "line": 32,
            "column": 3
          }
        },
        "15": {
          "start": {
            "line": 29,
            "column": 2
          },
          "end": {
            "line": 31,
            "column": 3
          }
        },
        "16": {
          "start": {
            "line": 30,
            "column": 4
          },
          "end": {
            "line": 30,
            "column": 32
          }
        },
        "17": {
          "start": {
            "line": 34,
            "column": 0
          },
          "end": {
            "line": 34,
            "column": 25
          }
        },
        "18": {
          "start": {
            "line": 35,
            "column": 0
          },
          "end": {
            "line": 35,
            "column": 25
          }
        },
        "19": {
          "start": {
            "line": 37,
            "column": 0
          },
          "end": {
            "line": 37,
            "column": 20
          }
        }
      },
      "fnMap": {
        "0": {
          "name": "(anonymous_0)",
          "decl": {
            "start": {
              "line": 20,
              "column": 10
            },
            "end": {
              "line": 20,
              "column": 11
            }
          },
          "loc": {
            "start": {
              "line": 20,
              "column": 18
            },
            "end": {
              "line": 22,
              "column": 3
            }
          },
          "line": 20
        },
        "1": {
          "name": "(anonymous_1)",
          "decl": {
            "start": {
              "line": 23,
              "column": 11
            },
            "end": {
              "line": 23,
              "column": 12
            }
          },
          "loc": {
            "start": {
              "line": 23,
              "column": 19
            },
            "end": {
              "line": 26,
              "column": 3
            }
          },
          "line": 23
        },
        "2": {
          "name": "(anonymous_2)",
          "decl": {
            "start": {
              "line": 28,
              "column": 24
            },
            "end": {
              "line": 28,
              "column": 25
            }
          },
          "loc": {
            "start": {
              "line": 28,
              "column": 37
            },
            "end": {
              "line": 32,
              "column": 1
            }
          },
          "line": 28
        }
      },
      "branchMap": {
        "0": {
          "loc": {
            "start": {
              "line": 7,
              "column": 12
            },
            "end": {
              "line": 7,
              "column": 49
            }
          },
          "type": "binary-expr",
          "locations": [
            {
              "start": {
                "line": 7,
                "column": 12
              },
              "end": {
                "line": 7,
                "column": 32
              }
            },
            {
              "start": {
                "line": 7,
                "column": 36
              },
              "end": {
                "line": 7,
                "column": 49
              }
            }
          ],
          "line": 7
        },
        "1": {
          "loc": {
            "start": {
              "line": 12,
              "column": 0
            },
            "end": {
              "line": 16,
              "column": 1
            }
          },
          "type": "if",
          "locations": [
            {
              "start": {
                "line": 12,
                "column": 0
              },
              "end": {
                "line": 16,
                "column": 1
              }
            },
            {
              "start": {
                "line": 14,
                "column": 7
              },
              "end": {
                "line": 16,
                "column": 1
              }
            }
          ],
          "line": 12
        },
        "2": {
          "loc": {
            "start": {
              "line": 21,
              "column": 11
            },
            "end": {
              "line": 21,
              "column": 89
            }
          },
          "type": "binary-expr",
          "locations": [
            {
              "start": {
                "line": 21,
                "column": 12
              },
              "end": {
                "line": 21,
                "column": 35
              }
            },
            {
              "start": {
                "line": 21,
                "column": 41
              },
              "end": {
                "line": 21,
                "column": 58
              }
            },
            {
              "start": {
                "line": 21,
                "column": 64
              },
              "end": {
                "line": 21,
                "column": 88
              }
            }
          ],
          "line": 21
        },
        "3": {
          "loc": {
            "start": {
              "line": 29,
              "column": 2
            },
            "end": {
              "line": 31,
              "column": 3
            }
          },
          "type": "if",
          "locations": [
            {
              "start": {
                "line": 29,
                "column": 2
              },
              "end": {
                "line": 31,
                "column": 3
              }
            },
            {
              "start": {},
              "end": {}
            }
          ],
          "line": 29
        }
      },
      "s": {
        "0": 1,
        "1": 1,
        "2": 1,
        "3": 1,
        "4": 1,
        "5": 1,
        "6": 1,
        "7": 1,
        "8": 0,
        "9": 1,
        "10": 1,
        "11": 2,
        "12": 1,
        "13": 1,
        "14": 1,
        "15": 1,
        "16": 0,
        "17": 1,
        "18": 1,
        "19": 1
      },
      "f": {
        "0": 2,
        "1": 1,
        "2": 1
      },
      "b": {
        "0": [
          1,
          0
        ],
        "1": [
          0,
          1
        ],
        "2": [
          2,
          2,
          1
        ],
        "3": [
          0,
          1
        ]
      },
      "_coverageSchema": "1a1c01bbd47fc00a2c39e90264f33305004495a9",
      "hash": "760af3c690a14b0df37f63f44a183ba088b50717"
    },
    "/home/giovanaa/ci&t/conteudos/ecommerceAPI/master/src/models/products.js": {
      "path": "/home/giovanaa/ci&t/conteudos/ecommerceAPI/master/src/models/products.js",
      "statementMap": {
        "0": {
          "start": {
            "line": 1,
            "column": 17
          },
          "end": {
            "line": 12,
            "column": 1
          }
        },
        "1": {
          "start": {
            "line": 2,
            "column": 19
          },
          "end": {
            "line": 10,
            "column": 3
          }
        },
        "2": {
          "start": {
            "line": 11,
            "column": 2
          },
          "end": {
            "line": 11,
            "column": 17
          }
        },
        "3": {
          "start": {
            "line": 14,
            "column": 0
          },
          "end": {
            "line": 14,
            "column": 26
          }
        }
      },
      "fnMap": {
        "0": {
          "name": "(anonymous_0)",
          "decl": {
            "start": {
              "line": 1,
              "column": 17
            },
            "end": {
              "line": 1,
              "column": 18
            }
          },
          "loc": {
            "start": {
              "line": 1,
              "column": 43
            },
            "end": {
              "line": 12,
              "column": 1
            }
          },
          "line": 1
        }
      },
      "branchMap": {},
      "s": {
        "0": 1,
        "1": 1,
        "2": 1,
        "3": 1
      },
      "f": {
        "0": 1
      },
      "b": {},
      "_coverageSchema": "1a1c01bbd47fc00a2c39e90264f33305004495a9",
      "hash": "abb47ac6926e6eea82d313f4568601957e172387"
    }
  }
}